D:\USERMODE\USERMODENEW\DEBUG\USERMODE.EXE
D:\USERMODE\USERMODENEW\DEBUG\USERMODE.ILK
D:\USERMODE\USERMODENEW\DEBUG\USERMODE.PDB
D:\UserMode\UserModeNew\UserMode\Debug\cl.command.1.tlog
D:\UserMode\UserModeNew\UserMode\Debug\CL.read.1.tlog
D:\UserMode\UserModeNew\UserMode\Debug\CL.write.1.tlog
D:\UserMode\UserModeNew\UserMode\Debug\link.2536.read.1.tlog
D:\UserMode\UserModeNew\UserMode\Debug\link.2536.write.1.tlog
D:\UserMode\UserModeNew\UserMode\Debug\link.2536-cvtres.read.1.tlog
D:\UserMode\UserModeNew\UserMode\Debug\link.2536-cvtres.write.1.tlog
D:\UserMode\UserModeNew\UserMode\Debug\link.command.1.tlog
D:\UserMode\UserModeNew\UserMode\Debug\link.read.1.tlog
D:\UserMode\UserModeNew\UserMode\Debug\link.write.1.tlog
D:\UserMode\UserModeNew\UserMode\Debug\link-cvtres.read.1.tlog
D:\UserMode\UserModeNew\UserMode\Debug\link-cvtres.write.1.tlog
D:\UserMode\UserModeNew\UserMode\Debug\mt.command.1.tlog
D:\UserMode\UserModeNew\UserMode\Debug\mt.read.1.tlog
D:\UserMode\UserModeNew\UserMode\Debug\mt.write.1.tlog
D:\UserMode\UserModeNew\UserMode\Debug\rc.command.1.tlog
D:\UserMode\UserModeNew\UserMode\Debug\rc.read.1.tlog
D:\UserMode\UserModeNew\UserMode\Debug\rc.write.1.tlog
D:\USERMODE\USERMODENEW\USERMODE\DEBUG\STDAFX.OBJ
D:\USERMODE\USERMODENEW\USERMODE\DEBUG\USERMODE.EXE.EMBED.MANIFEST
D:\USERMODE\USERMODENEW\USERMODE\DEBUG\USERMODE.EXE.EMBED.MANIFEST.RES
D:\USERMODE\USERMODENEW\USERMODE\DEBUG\USERMODE.EXE.INTERMEDIATE.MANIFEST
D:\USERMODE\USERMODENEW\USERMODE\DEBUG\USERMODE.OBJ
D:\UserMode\UserModeNew\UserMode\Debug\UserMode_manifest.rc
D:\UserMode\UserModeNew\UserMode\Debug\vc100.idb
D:\USERMODE\USERMODENEW\USERMODE\DEBUG\VC100.PDB
